<?xml version="1.0" encoding="UTF-8"?>
<!-- Generated by org.testng.reporters.JUnitXMLReporter -->
<testsuite hostname="DESKTOP-NA2E8HP" ignored="2" name="Demo(failed)" tests="1" failures="1" timestamp="04 Jun 2020 21:13:21 GMT" time="16.935" errors="0">
  <testcase name="signon" time="0.833" classname="testng.Annotations">
    <failure type="java.lang.AssertionError" message="expected [Signn-on: Mercury Tours] but found [Sign-on: Mercury Tours]">
      <![CDATA[java.lang.AssertionError: expected [Signn-on: Mercury Tours] but found [Sign-on: Mercury Tours]
at testng.Annotations.signon(Annotations.java:36)
... Removed 31 stack frames]]>
    </failure>
  </testcase> <!-- signon -->
  <testcase name="verifytitle" time="0.0" classname="testng.Annotations">
    <ignored/>
  </testcase> <!-- verifytitle -->
  <testcase name="verifyurl" time="0.0" classname="testng.Annotations">
    <ignored/>
  </testcase> <!-- verifyurl -->
</testsuite> <!-- Demo(failed) -->
