<?xml version="1.0" encoding="UTF-8"?>
<!-- Generated by org.testng.reporters.JUnitXMLReporter -->
<testsuite hostname="DESKTOP-NA2E8HP" ignored="3" tests="0" failures="0" timestamp="04 Jun 2020 21:02:50 GMT" time="0.004" errors="0">
  <testcase name="signon" time="0.0" classname="testng.Annotations">
    <ignored/>
  </testcase> <!-- signon -->
  <testcase name="verifytitle" time="0.0" classname="testng.Annotations">
    <ignored/>
  </testcase> <!-- verifytitle -->
  <testcase name="verifyurl" time="0.0" classname="testng.Annotations">
    <ignored/>
  </testcase> <!-- verifyurl -->
</testsuite>
