<?xml version="1.0" encoding="UTF-8"?>
<!-- Generated by org.testng.reporters.JUnitXMLReporter -->
<testsuite hostname="DESKTOP-NA2E8HP" ignored="2" name="Demo(failed)(failed)(failed)" tests="1" failures="0" timestamp="04 Jun 2020 21:15:54 GMT" time="25.998" errors="0">
  <testcase name="signon" time="2.944" classname="testng.Annotations"/>
  <testcase name="verifytitle" time="0.0" classname="testng.Annotations">
    <ignored/>
  </testcase> <!-- verifytitle -->
  <testcase name="verifyurl" time="0.0" classname="testng.Annotations">
    <ignored/>
  </testcase> <!-- verifyurl -->
</testsuite> <!-- Demo(failed)(failed)(failed) -->
