<?xml version="1.0" encoding="UTF-8"?>
<!-- Generated by org.testng.reporters.JUnitXMLReporter -->
<testsuite hostname="DESKTOP-NA2E8HP" ignored="2" name="Demo(failed)(failed)" tests="1" failures="1" timestamp="04 Jun 2020 21:14:49 GMT" time="16.328" errors="0">
  <testcase name="signon" time="1.403" classname="testng.Annotations">
    <failure type="java.lang.AssertionError" message="expected [Sign-on: Mercury Tours] but found [Welcome: Mercury Tours]">
      <![CDATA[java.lang.AssertionError: expected [Sign-on: Mercury Tours] but found [Welcome: Mercury Tours]
at testng.Annotations.signon(Annotations.java:37)
... Removed 31 stack frames]]>
    </failure>
  </testcase> <!-- signon -->
  <testcase name="verifytitle" time="0.0" classname="testng.Annotations">
    <ignored/>
  </testcase> <!-- verifytitle -->
  <testcase name="verifyurl" time="0.0" classname="testng.Annotations">
    <ignored/>
  </testcase> <!-- verifyurl -->
</testsuite> <!-- Demo(failed)(failed) -->
