<?xml version="1.0" encoding="UTF-8"?>
<!-- Generated by org.testng.reporters.JUnitXMLReporter -->
<testsuite hostname="DESKTOP-NA2E8HP" ignored="0" name="SuiteOneCaseTwo" tests="2" failures="0" timestamp="17 Jul 2020 05:04:32 GMT" time="9.125" errors="0">
  <testcase name="SuiteOneCaseTwoTest" time="0.002" classname="com.stta.SuiteOne.SuiteOneCaseTwo">
    <skipped/>
  </testcase> <!-- SuiteOneCaseTwoTest -->
  <testcase name="SuiteOneCaseTwoTest" time="8.2" classname="com.stta.SuiteOne.SuiteOneCaseTwo"/>
</testsuite> <!-- SuiteOneCaseTwo -->
