<?xml version="1.0" encoding="UTF-8"?>
<testng-results skipped="0" failed="0" total="1" passed="1">
  <reporter-output>
  </reporter-output>
  <suite name="Suite" duration-ms="13478" started-at="2020-07-05T20:51:29Z" finished-at="2020-07-05T20:51:42Z">
    <groups>
    </groups>
    <test name="Test" duration-ms="13478" started-at="2020-07-05T20:51:29Z" finished-at="2020-07-05T20:51:42Z">
      <class name="testng.Basic">
        <test-method status="PASS" signature="beforeTest()[pri:0, instance:testng.Basic@7006c658]" name="beforeTest" is-config="true" duration-ms="12738" started-at="2020-07-05T13:51:29Z" finished-at="2020-07-05T13:51:41Z">
          <reporter-output>
          </reporter-output>
        </test-method> <!-- beforeTest -->
        <test-method status="PASS" signature="verifytitle()[pri:0, instance:testng.Basic@7006c658]" name="verifytitle" duration-ms="20" started-at="2020-07-05T13:51:41Z" finished-at="2020-07-05T13:51:41Z">
          <reporter-output>
          </reporter-output>
        </test-method> <!-- verifytitle -->
        <test-method status="PASS" signature="afterTest()[pri:0, instance:testng.Basic@7006c658]" name="afterTest" is-config="true" duration-ms="704" started-at="2020-07-05T13:51:41Z" finished-at="2020-07-05T13:51:42Z">
          <reporter-output>
          </reporter-output>
        </test-method> <!-- afterTest -->
      </class> <!-- testng.Basic -->
    </test> <!-- Test -->
  </suite> <!-- Suite -->
</testng-results>
